2023-07-28 07:46:11 - User joined: KingDraken:627cc7da7ddd872c3bec3f23
2023-07-28 07:54:05 - User joined: KingDraken:627cc7da7ddd872c3bec3f23
2024-04-24 16:49:39 - User joined: Silencieuxx:64c647361c332b2778a16886
2024-04-24 16:50:46 - User joined: 19h13:634d86075cb7d5154e472f75
2024-04-24 16:51:25 - User joined: _glamis_:601e7eed7878c8812c3c40cd
2024-04-24 16:52:42 - User joined: Unptitgars:6429b8d37674f79ee80d692f
2024-04-24 16:54:00 - User joined: Milka_19_:63ea7f6d15abdd115dac27ae
2024-04-24 16:55:04 - User joined: Lola7775:66293820602b4a897553359d
2024-04-24 16:56:11 - User joined: _stvrfire:65dd37920d77b98c288cadbe
2024-04-24 16:58:02 - User joined: 19h13:634d86075cb7d5154e472f75
2024-04-24 16:58:20 - User joined: keyly31:660cd5367a7d0f5af43e08b8
2024-04-24 16:59:05 - User joined: Choco_note:63fa3c7492eea82d4f4ad8de
2024-04-24 17:01:55 - User joined: keyly31:660cd5367a7d0f5af43e08b8
2024-04-24 17:02:56 - User joined: level_santana:658aac2945592ba755bfa5d1
2024-04-24 17:03:12 - User joined: Neyvina:66293ade11392e4e312d9d9a
2024-04-24 17:04:13 - User joined: jasmine_lolo:62639192f25d8fa022dc49f9
2024-04-24 17:05:25 - User joined: kevin_cedric:6628c1df9706ba954092b2bf
2024-04-24 17:05:53 - User joined: San_gio:63cee52398b426e0b2ff1fd0
2024-04-24 17:06:53 - User joined: Issouf66:661785eb0c2e87c0cd66e2e6
2024-04-24 17:07:27 - User joined: Issouf66:661785eb0c2e87c0cd66e2e6
2024-04-24 17:09:56 - User joined: _SaNJiRo_:65c6a477c4e6e8ed8eb115da
2024-04-24 17:15:46 - User joined: Silencieuxx:64c647361c332b2778a16886
2024-04-24 17:15:51 - User joined: daniel_offset:650178d1149c4a9164518ca4
2024-04-24 17:18:16 - User joined: kanasa1813:6627e62dbd9689d62328185b
2024-04-24 17:18:37 - User joined: A.K.I.S.E:649f3623eef70667fe664c22
2024-04-24 17:19:08 - User joined: Silencieuxx:64c647361c332b2778a16886
2024-04-24 17:20:10 - User joined: baby_cloude:65a2833edf7a758d06c47475
2024-04-24 17:20:25 - User joined: Petit_ange_77:65e8b9679d973520f6e0ce1e
2024-04-24 17:21:31 - User joined: louloumamou:64ef915535cb419e9f56bf8f
2024-04-24 17:24:31 - User joined: STEP.12:65d80908db2ff60e98a70c7a
2024-04-24 17:27:17 - User joined: daniel_offset:650178d1149c4a9164518ca4
2024-04-24 17:27:50 - User joined: Anastasia_230:65ad42d52c3c3b773351e219
2024-04-24 17:29:16 - User joined: Fatia_18ans_majeur_:66144ad75c9fbbd8d1208449
2024-04-24 17:30:34 - User joined: kanasa1813:6627e62dbd9689d62328185b
2024-04-24 17:32:20 - User joined: eleonore2434:61c852e2928e08b2582c58fb
2024-04-24 17:33:33 - User joined: __ANTONY:65940019fbf2f490a1231500
2024-04-24 17:34:33 - User joined: HASMA_algerienne:66278bd50373a3eeda3e5910
2024-04-24 17:35:13 - User joined: Jmann_paul:6468984e5cf1981a2cedf1dd
2024-04-24 17:37:59 - User joined: meosjin1:66293535edb0d04a12e311b2
2024-04-24 17:39:25 - User joined: bloodythroat:62012bf18152ddbaa2af6105
2024-04-24 17:40:01 - User joined: STEP.12:65d80908db2ff60e98a70c7a
2024-04-24 17:40:24 - User joined: seth_la_lune:66270995939cfea0facb6c1f
2024-04-24 17:41:07 - User joined: eldiablo200809_:661fc16805b9240e53554488
2024-04-24 17:42:02 - User joined: eleonore2434:61c852e2928e08b2582c58fb
2024-04-24 17:42:55 - User joined: Jmann_paul:6468984e5cf1981a2cedf1dd
2024-04-24 17:44:23 - User joined: miasulivan1:65412aa7ad75a604b9831a87
2024-04-24 17:45:21 - User joined: fanny_stone:65d0cb4f63aded6ccf3b26b2
2024-04-24 17:45:43 - User joined: jlia_.2:65be0b1811ffdecf85961faf
2024-04-24 17:46:04 - User joined: Arteilaise:658d7dafcdbbcec8def8c51f
2024-04-24 17:47:13 - User joined: The_girl_9:64b7cc5f3e094edcddde251a
2024-04-24 17:47:46 - User joined: Silencieuxx:64c647361c332b2778a16886
2024-04-24 17:48:58 - User joined: ornelle_laura:6620b1f1e1e336e1f5750917
2024-04-24 17:49:54 - User joined: roux280611:631b750122bc14a6790c5d46
2024-04-24 17:51:15 - User joined: Lyana_zoe:6612e53d3523d72cde177370
2024-04-24 17:55:13 - User joined: Dionth:6595a323ce2a4ab96d96fb04
2024-04-24 17:55:22 - User joined: daniel_offset:650178d1149c4a9164518ca4
2024-04-24 17:56:08 - User joined: Silencieuxx:64c647361c332b2778a16886
2024-04-24 17:56:23 - User joined: Alexan_dre:63dec63beb614fc388f5672f
2024-04-24 17:56:26 - User joined: Mimil19:662573fcc01cf89f2dc7b45c
2024-04-24 17:56:43 - User joined: Mini_DI4M4GE:5ec7d3c33e89dc8fb7758a45
